1677947906277	geckodriver	INFO	Listening on 127.0.0.1:51886
1677947909382	mozrunner::runner	INFO	Running command: "C:\\Program Files (x86)\\Mozilla Firefox\\firefox.exe" "--marionette" "--remote-debugging-port" "51887" "--remote-allow-hosts" "localhost" "-no-remote" "-profile" "C:\\Users\\Admin\\AppData\\Local\\Temp\\rust_mozprofileikXnP8"
console.warn: services.settings: Ignoring preference override of remote settings server
console.warn: services.settings: Allow by setting MOZ_REMOTE_SETTINGS_DEVTOOLS=1 in the environment
1677947909962	Marionette	INFO	Marionette enabled
Dynamically enable window occlusion 0
1677947909968	Marionette	INFO	Listening on port 51894
Read port: 51894
WebDriver BiDi listening on ws://127.0.0.1:51887
1677947910378	RemoteAgent	WARN	TLS certificate errors will be ignored for this session
console.warn: SearchSettings: "get: No settings file exists, new profile?" (new NotFoundError("Could not open the file at C:\\Users\\Admin\\AppData\\Local\\Temp\\rust_mozprofileikXnP8\\search.json.mozlz4", (void 0)))
DevTools listening on ws://127.0.0.1:51887/devtools/browser/00facafe-6627-4875-b8d2-c0beb0a8e29d
JavaScript error: resource://gre/modules/XULStore.jsm, line 58: Error: Can't find profile directory.
JavaScript error: resource://gre/modules/XULStore.jsm, line 58: Error: Can't find profile directory.
console.warn: LoginRecipes: "Falling back to a synchronous message for: https://robotsparebinindustries.com."
console.warn: LoginRecipes: "Falling back to a synchronous message for: https://robotsparebinindustries.com."
console.warn: LoginRecipes: "Falling back to a synchronous message for: https://robotsparebinindustries.com."
console.warn: LoginRecipes: "Falling back to a synchronous message for: https://robotsparebinindustries.com."
console.warn: LoginRecipes: "Falling back to a synchronous message for: https://robotsparebinindustries.com."
console.warn: LoginRecipes: "Falling back to a synchronous message for: https://robotsparebinindustries.com."
console.warn: LoginRecipes: "Falling back to a synchronous message for: https://robotsparebinindustries.com."
console.warn: LoginRecipes: "Falling back to a synchronous message for: https://robotsparebinindustries.com."
console.warn: LoginRecipes: "Falling back to a synchronous message for: https://robotsparebinindustries.com."
console.warn: LoginRecipes: "Falling back to a synchronous message for: https://robotsparebinindustries.com."
console.warn: LoginRecipes: "Falling back to a synchronous message for: https://robotsparebinindustries.com."
console.warn: LoginRecipes: "Falling back to a synchronous message for: https://robotsparebinindustries.com."
console.warn: LoginRecipes: "Falling back to a synchronous message for: https://robotsparebinindustries.com."
console.warn: LoginRecipes: "Falling back to a synchronous message for: https://robotsparebinindustries.com."
console.warn: LoginRecipes: "Falling back to a synchronous message for: https://robotsparebinindustries.com."
console.warn: LoginRecipes: "Falling back to a synchronous message for: https://robotsparebinindustries.com."
console.warn: LoginRecipes: "Falling back to a synchronous message for: https://robotsparebinindustries.com."
console.warn: LoginRecipes: "Falling back to a synchronous message for: https://robotsparebinindustries.com."
console.warn: LoginRecipes: "Falling back to a synchronous message for: https://robotsparebinindustries.com."
console.warn: LoginRecipes: "Falling back to a synchronous message for: https://robotsparebinindustries.com."
console.warn: LoginRecipes: "Falling back to a synchronous message for: https://robotsparebinindustries.com."
console.warn: LoginRecipes: "Falling back to a synchronous message for: https://robotsparebinindustries.com."
console.warn: LoginRecipes: "Falling back to a synchronous message for: https://robotsparebinindustries.com."
console.warn: LoginRecipes: "Falling back to a synchronous message for: https://robotsparebinindustries.com."
console.warn: LoginRecipes: "Falling back to a synchronous message for: https://robotsparebinindustries.com."
console.warn: LoginRecipes: "Falling back to a synchronous message for: https://robotsparebinindustries.com."
console.warn: LoginRecipes: "Falling back to a synchronous message for: https://robotsparebinindustries.com."
console.warn: LoginRecipes: "Falling back to a synchronous message for: https://robotsparebinindustries.com."
console.warn: LoginRecipes: "Falling back to a synchronous message for: https://robotsparebinindustries.com."
console.warn: LoginRecipes: "Falling back to a synchronous message for: https://robotsparebinindustries.com."
console.warn: LoginRecipes: "Falling back to a synchronous message for: https://robotsparebinindustries.com."
console.warn: LoginRecipes: "Falling back to a synchronous message for: https://robotsparebinindustries.com."
console.warn: LoginRecipes: "Falling back to a synchronous message for: https://robotsparebinindustries.com."
console.warn: LoginRecipes: "Falling back to a synchronous message for: https://robotsparebinindustries.com."
console.warn: LoginRecipes: "Falling back to a synchronous message for: https://robotsparebinindustries.com."
console.warn: LoginRecipes: "Falling back to a synchronous message for: https://robotsparebinindustries.com."
console.warn: LoginRecipes: "Falling back to a synchronous message for: https://robotsparebinindustries.com."
console.warn: LoginRecipes: "Falling back to a synchronous message for: https://robotsparebinindustries.com."
console.warn: LoginRecipes: "Falling back to a synchronous message for: https://robotsparebinindustries.com."
console.warn: LoginRecipes: "Falling back to a synchronous message for: https://robotsparebinindustries.com."
console.warn: LoginRecipes: "Falling back to a synchronous message for: https://robotsparebinindustries.com."
console.warn: LoginRecipes: "Falling back to a synchronous message for: https://robotsparebinindustries.com."
console.warn: LoginRecipes: "Falling back to a synchronous message for: https://robotsparebinindustries.com."
console.warn: LoginRecipes: "Falling back to a synchronous message for: https://robotsparebinindustries.com."
console.warn: LoginRecipes: "Falling back to a synchronous message for: https://robotsparebinindustries.com."
console.warn: LoginRecipes: "Falling back to a synchronous message for: https://robotsparebinindustries.com."
console.warn: LoginRecipes: "Falling back to a synchronous message for: https://robotsparebinindustries.com."
console.warn: LoginRecipes: "Falling back to a synchronous message for: https://robotsparebinindustries.com."
console.warn: LoginRecipes: "Falling back to a synchronous message for: https://robotsparebinindustries.com."
console.warn: LoginRecipes: "Falling back to a synchronous message for: https://robotsparebinindustries.com."
console.warn: LoginRecipes: "Falling back to a synchronous message for: https://robotsparebinindustries.com."
console.warn: LoginRecipes: "Falling back to a synchronous message for: https://robotsparebinindustries.com."
console.warn: LoginRecipes: "Falling back to a synchronous message for: https://robotsparebinindustries.com."
console.warn: LoginRecipes: "Falling back to a synchronous message for: https://robotsparebinindustries.com."
console.warn: LoginRecipes: "Falling back to a synchronous message for: https://robotsparebinindustries.com."
console.warn: LoginRecipes: "Falling back to a synchronous message for: https://robotsparebinindustries.com."
console.warn: LoginRecipes: "Falling back to a synchronous message for: https://robotsparebinindustries.com."
console.warn: LoginRecipes: "Falling back to a synchronous message for: https://robotsparebinindustries.com."
console.warn: LoginRecipes: "Falling back to a synchronous message for: https://robotsparebinindustries.com."
console.warn: LoginRecipes: "Falling back to a synchronous message for: https://robotsparebinindustries.com."
console.warn: LoginRecipes: "Falling back to a synchronous message for: https://robotsparebinindustries.com."
console.warn: LoginRecipes: "Falling back to a synchronous message for: https://robotsparebinindustries.com."
console.warn: LoginRecipes: "Falling back to a synchronous message for: https://robotsparebinindustries.com."
console.warn: LoginRecipes: "Falling back to a synchronous message for: https://robotsparebinindustries.com."
console.warn: LoginRecipes: "Falling back to a synchronous message for: https://robotsparebinindustries.com."
console.warn: LoginRecipes: "Falling back to a synchronous message for: https://robotsparebinindustries.com."
console.warn: LoginRecipes: "Falling back to a synchronous message for: https://robotsparebinindustries.com."
console.warn: LoginRecipes: "Falling back to a synchronous message for: https://robotsparebinindustries.com."
console.warn: LoginRecipes: "Falling back to a synchronous message for: https://robotsparebinindustries.com."
console.warn: LoginRecipes: "Falling back to a synchronous message for: https://robotsparebinindustries.com."
console.warn: LoginRecipes: "Falling back to a synchronous message for: https://robotsparebinindustries.com."
console.warn: LoginRecipes: "Falling back to a synchronous message for: https://robotsparebinindustries.com."
console.warn: LoginRecipes: "Falling back to a synchronous message for: https://robotsparebinindustries.com."
console.warn: LoginRecipes: "Falling back to a synchronous message for: https://robotsparebinindustries.com."
console.warn: LoginRecipes: "Falling back to a synchronous message for: https://robotsparebinindustries.com."
console.warn: LoginRecipes: "Falling back to a synchronous message for: https://robotsparebinindustries.com."
console.warn: LoginRecipes: "Falling back to a synchronous message for: https://robotsparebinindustries.com."
console.warn: LoginRecipes: "Falling back to a synchronous message for: https://robotsparebinindustries.com."
console.warn: LoginRecipes: "Falling back to a synchronous message for: https://robotsparebinindustries.com."
console.warn: LoginRecipes: "Falling back to a synchronous message for: https://robotsparebinindustries.com."
console.warn: LoginRecipes: "Falling back to a synchronous message for: https://robotsparebinindustries.com."
console.warn: LoginRecipes: "Falling back to a synchronous message for: https://robotsparebinindustries.com."
console.warn: LoginRecipes: "Falling back to a synchronous message for: https://robotsparebinindustries.com."
console.warn: LoginRecipes: "Falling back to a synchronous message for: https://robotsparebinindustries.com."
console.warn: LoginRecipes: "Falling back to a synchronous message for: https://robotsparebinindustries.com."
console.warn: LoginRecipes: "Falling back to a synchronous message for: https://robotsparebinindustries.com."
console.warn: LoginRecipes: "Falling back to a synchronous message for: https://robotsparebinindustries.com."
console.warn: LoginRecipes: "Falling back to a synchronous message for: https://robotsparebinindustries.com."
console.warn: LoginRecipes: "Falling back to a synchronous message for: https://robotsparebinindustries.com."
console.warn: LoginRecipes: "Falling back to a synchronous message for: https://robotsparebinindustries.com."
console.warn: LoginRecipes: "Falling back to a synchronous message for: https://robotsparebinindustries.com."
console.warn: LoginRecipes: "Falling back to a synchronous message for: https://robotsparebinindustries.com."
console.warn: LoginRecipes: "Falling back to a synchronous message for: https://robotsparebinindustries.com."
console.warn: LoginRecipes: "Falling back to a synchronous message for: https://robotsparebinindustries.com."
console.warn: LoginRecipes: "Falling back to a synchronous message for: https://robotsparebinindustries.com."
console.warn: LoginRecipes: "Falling back to a synchronous message for: https://robotsparebinindustries.com."
console.warn: LoginRecipes: "Falling back to a synchronous message for: https://robotsparebinindustries.com."
console.warn: LoginRecipes: "Falling back to a synchronous message for: https://robotsparebinindustries.com."
console.warn: LoginRecipes: "Falling back to a synchronous message for: https://robotsparebinindustries.com."
console.warn: LoginRecipes: "Falling back to a synchronous message for: https://robotsparebinindustries.com."
