1677948869319	geckodriver	INFO	Listening on 127.0.0.1:55626
1677948872404	mozrunner::runner	INFO	Running command: "C:\\Program Files (x86)\\Mozilla Firefox\\firefox.exe" "--marionette" "--remote-debugging-port" "55627" "--remote-allow-hosts" "localhost" "-no-remote" "-profile" "C:\\Users\\Admin\\AppData\\Local\\Temp\\rust_mozprofileHlcufV"
console.warn: services.settings: Ignoring preference override of remote settings server
console.warn: services.settings: Allow by setting MOZ_REMOTE_SETTINGS_DEVTOOLS=1 in the environment
1677948872964	Marionette	INFO	Marionette enabled
Dynamically enable window occlusion 0
1677948872976	Marionette	INFO	Listening on port 55636
Read port: 55636
WebDriver BiDi listening on ws://127.0.0.1:55627
1677948873343	RemoteAgent	WARN	TLS certificate errors will be ignored for this session
console.warn: SearchSettings: "get: No settings file exists, new profile?" (new NotFoundError("Could not open the file at C:\\Users\\Admin\\AppData\\Local\\Temp\\rust_mozprofileHlcufV\\search.json.mozlz4", (void 0)))
DevTools listening on ws://127.0.0.1:55627/devtools/browser/34996cd7-e6ae-4d49-ae52-0a90338f0a42
JavaScript error: resource://gre/modules/XULStore.jsm, line 58: Error: Can't find profile directory.
JavaScript error: resource://gre/modules/XULStore.jsm, line 58: Error: Can't find profile directory.
console.warn: LoginRecipes: "Falling back to a synchronous message for: https://robotsparebinindustries.com."
console.warn: LoginRecipes: "Falling back to a synchronous message for: https://robotsparebinindustries.com."
console.warn: LoginRecipes: "Falling back to a synchronous message for: https://robotsparebinindustries.com."
console.warn: LoginRecipes: "Falling back to a synchronous message for: https://robotsparebinindustries.com."
console.warn: LoginRecipes: "Falling back to a synchronous message for: https://robotsparebinindustries.com."
console.warn: LoginRecipes: "Falling back to a synchronous message for: https://robotsparebinindustries.com."
console.warn: LoginRecipes: "Falling back to a synchronous message for: https://robotsparebinindustries.com."
console.warn: LoginRecipes: "Falling back to a synchronous message for: https://robotsparebinindustries.com."
console.warn: LoginRecipes: "Falling back to a synchronous message for: https://robotsparebinindustries.com."
console.warn: LoginRecipes: "Falling back to a synchronous message for: https://robotsparebinindustries.com."
console.warn: LoginRecipes: "Falling back to a synchronous message for: https://robotsparebinindustries.com."
console.warn: LoginRecipes: "Falling back to a synchronous message for: https://robotsparebinindustries.com."
console.warn: LoginRecipes: "Falling back to a synchronous message for: https://robotsparebinindustries.com."
console.warn: LoginRecipes: "Falling back to a synchronous message for: https://robotsparebinindustries.com."
console.warn: LoginRecipes: "Falling back to a synchronous message for: https://robotsparebinindustries.com."
console.warn: LoginRecipes: "Falling back to a synchronous message for: https://robotsparebinindustries.com."
console.warn: LoginRecipes: "Falling back to a synchronous message for: https://robotsparebinindustries.com."
console.warn: LoginRecipes: "Falling back to a synchronous message for: https://robotsparebinindustries.com."
console.warn: LoginRecipes: "Falling back to a synchronous message for: https://robotsparebinindustries.com."
console.warn: LoginRecipes: "Falling back to a synchronous message for: https://robotsparebinindustries.com."
console.warn: LoginRecipes: "Falling back to a synchronous message for: https://robotsparebinindustries.com."
console.warn: LoginRecipes: "Falling back to a synchronous message for: https://robotsparebinindustries.com."
console.warn: LoginRecipes: "Falling back to a synchronous message for: https://robotsparebinindustries.com."
console.warn: LoginRecipes: "Falling back to a synchronous message for: https://robotsparebinindustries.com."
console.warn: LoginRecipes: "Falling back to a synchronous message for: https://robotsparebinindustries.com."
console.warn: LoginRecipes: "Falling back to a synchronous message for: https://robotsparebinindustries.com."
console.warn: LoginRecipes: "Falling back to a synchronous message for: https://robotsparebinindustries.com."
console.warn: LoginRecipes: "Falling back to a synchronous message for: https://robotsparebinindustries.com."
console.warn: LoginRecipes: "Falling back to a synchronous message for: https://robotsparebinindustries.com."
console.warn: LoginRecipes: "Falling back to a synchronous message for: https://robotsparebinindustries.com."
console.warn: LoginRecipes: "Falling back to a synchronous message for: https://robotsparebinindustries.com."
console.warn: LoginRecipes: "Falling back to a synchronous message for: https://robotsparebinindustries.com."
console.warn: LoginRecipes: "Falling back to a synchronous message for: https://robotsparebinindustries.com."
console.warn: LoginRecipes: "Falling back to a synchronous message for: https://robotsparebinindustries.com."
console.warn: LoginRecipes: "Falling back to a synchronous message for: https://robotsparebinindustries.com."
console.warn: LoginRecipes: "Falling back to a synchronous message for: https://robotsparebinindustries.com."
console.warn: LoginRecipes: "Falling back to a synchronous message for: https://robotsparebinindustries.com."
console.warn: LoginRecipes: "Falling back to a synchronous message for: https://robotsparebinindustries.com."
console.warn: LoginRecipes: "Falling back to a synchronous message for: https://robotsparebinindustries.com."
console.warn: LoginRecipes: "Falling back to a synchronous message for: https://robotsparebinindustries.com."
console.warn: LoginRecipes: "Falling back to a synchronous message for: https://robotsparebinindustries.com."
console.warn: LoginRecipes: "Falling back to a synchronous message for: https://robotsparebinindustries.com."
console.warn: LoginRecipes: "Falling back to a synchronous message for: https://robotsparebinindustries.com."
console.warn: LoginRecipes: "Falling back to a synchronous message for: https://robotsparebinindustries.com."
console.warn: LoginRecipes: "Falling back to a synchronous message for: https://robotsparebinindustries.com."
console.warn: LoginRecipes: "Falling back to a synchronous message for: https://robotsparebinindustries.com."
console.warn: LoginRecipes: "Falling back to a synchronous message for: https://robotsparebinindustries.com."
console.warn: LoginRecipes: "Falling back to a synchronous message for: https://robotsparebinindustries.com."
console.warn: LoginRecipes: "Falling back to a synchronous message for: https://robotsparebinindustries.com."
console.warn: LoginRecipes: "Falling back to a synchronous message for: https://robotsparebinindustries.com."
console.warn: LoginRecipes: "Falling back to a synchronous message for: https://robotsparebinindustries.com."
console.warn: LoginRecipes: "Falling back to a synchronous message for: https://robotsparebinindustries.com."
console.warn: LoginRecipes: "Falling back to a synchronous message for: https://robotsparebinindustries.com."
console.warn: LoginRecipes: "Falling back to a synchronous message for: https://robotsparebinindustries.com."
console.warn: LoginRecipes: "Falling back to a synchronous message for: https://robotsparebinindustries.com."
console.warn: LoginRecipes: "Falling back to a synchronous message for: https://robotsparebinindustries.com."
console.warn: LoginRecipes: "Falling back to a synchronous message for: https://robotsparebinindustries.com."
console.warn: LoginRecipes: "Falling back to a synchronous message for: https://robotsparebinindustries.com."
console.warn: LoginRecipes: "Falling back to a synchronous message for: https://robotsparebinindustries.com."
console.warn: LoginRecipes: "Falling back to a synchronous message for: https://robotsparebinindustries.com."
console.warn: LoginRecipes: "Falling back to a synchronous message for: https://robotsparebinindustries.com."
console.warn: LoginRecipes: "Falling back to a synchronous message for: https://robotsparebinindustries.com."
console.warn: LoginRecipes: "Falling back to a synchronous message for: https://robotsparebinindustries.com."
console.warn: LoginRecipes: "Falling back to a synchronous message for: https://robotsparebinindustries.com."
console.warn: LoginRecipes: "Falling back to a synchronous message for: https://robotsparebinindustries.com."
console.warn: LoginRecipes: "Falling back to a synchronous message for: https://robotsparebinindustries.com."
console.warn: LoginRecipes: "Falling back to a synchronous message for: https://robotsparebinindustries.com."
console.warn: LoginRecipes: "Falling back to a synchronous message for: https://robotsparebinindustries.com."
console.warn: LoginRecipes: "Falling back to a synchronous message for: https://robotsparebinindustries.com."
console.warn: LoginRecipes: "Falling back to a synchronous message for: https://robotsparebinindustries.com."
console.warn: LoginRecipes: "Falling back to a synchronous message for: https://robotsparebinindustries.com."
console.warn: LoginRecipes: "Falling back to a synchronous message for: https://robotsparebinindustries.com."
console.warn: LoginRecipes: "Falling back to a synchronous message for: https://robotsparebinindustries.com."
console.warn: LoginRecipes: "Falling back to a synchronous message for: https://robotsparebinindustries.com."
console.warn: LoginRecipes: "Falling back to a synchronous message for: https://robotsparebinindustries.com."
console.warn: LoginRecipes: "Falling back to a synchronous message for: https://robotsparebinindustries.com."
console.warn: LoginRecipes: "Falling back to a synchronous message for: https://robotsparebinindustries.com."
console.warn: LoginRecipes: "Falling back to a synchronous message for: https://robotsparebinindustries.com."
console.warn: LoginRecipes: "Falling back to a synchronous message for: https://robotsparebinindustries.com."
console.warn: LoginRecipes: "Falling back to a synchronous message for: https://robotsparebinindustries.com."
console.warn: LoginRecipes: "Falling back to a synchronous message for: https://robotsparebinindustries.com."
console.warn: LoginRecipes: "Falling back to a synchronous message for: https://robotsparebinindustries.com."
console.warn: LoginRecipes: "Falling back to a synchronous message for: https://robotsparebinindustries.com."
console.warn: LoginRecipes: "Falling back to a synchronous message for: https://robotsparebinindustries.com."
console.warn: LoginRecipes: "Falling back to a synchronous message for: https://robotsparebinindustries.com."
console.warn: LoginRecipes: "Falling back to a synchronous message for: https://robotsparebinindustries.com."
console.warn: LoginRecipes: "Falling back to a synchronous message for: https://robotsparebinindustries.com."
console.warn: LoginRecipes: "Falling back to a synchronous message for: https://robotsparebinindustries.com."
console.warn: LoginRecipes: "Falling back to a synchronous message for: https://robotsparebinindustries.com."
console.warn: LoginRecipes: "Falling back to a synchronous message for: https://robotsparebinindustries.com."
console.warn: LoginRecipes: "Falling back to a synchronous message for: https://robotsparebinindustries.com."
console.warn: LoginRecipes: "Falling back to a synchronous message for: https://robotsparebinindustries.com."
console.warn: LoginRecipes: "Falling back to a synchronous message for: https://robotsparebinindustries.com."
console.warn: LoginRecipes: "Falling back to a synchronous message for: https://robotsparebinindustries.com."
console.warn: LoginRecipes: "Falling back to a synchronous message for: https://robotsparebinindustries.com."
console.warn: LoginRecipes: "Falling back to a synchronous message for: https://robotsparebinindustries.com."
console.warn: LoginRecipes: "Falling back to a synchronous message for: https://robotsparebinindustries.com."
console.warn: LoginRecipes: "Falling back to a synchronous message for: https://robotsparebinindustries.com."
console.warn: LoginRecipes: "Falling back to a synchronous message for: https://robotsparebinindustries.com."
console.warn: LoginRecipes: "Falling back to a synchronous message for: https://robotsparebinindustries.com."
1677951605666	Marionette	INFO	Stopped listening on port 55636
Dynamically enable window occlusion 1
